file read now: graphs/894.tsv
Max # threads = 16
Running on 4 cores
# vertices in csv = 226196186
The max value of a vertex is: 226196185
The root node for this graph is: 104492306
The number of edges in this graph is: 480047894
The initial graph is not connected!
Number of vertices not connected is: 12513592

Begin to run and collect time for openmp....
Total execution time: 2.02596131 seconds
the max error of vertices has been visted is.. 0

Running on:  Intel(R) Xeon(R) Gold 6126 CPU @ 2.60GHz
============================================================================
                               JOB STATISTICS                              
============================================================================
      SubmitTime: 2022-04-26T03:08:10
         EndTime: 2022-04-26T03:38:10
         RunTime: 00:03:36
           JobId: 5801495
            TRES: cpu=16,mem=64288M,node=1,billing=12
       Partition: smp
        NodeList: smp-n183
         Command: /ihome/ece2166_2022s/fas48/ECE2166_Project/graphBFS_omp.slurm
          StdOut: /ihome/ece2166_2022s/fas48/ECE2166_Project/slurm-5801495.out
More information:
    - `sacct -M smp -j 5801495 -S 2022-04-26T03:08:10 -E 2022-04-26T03:38:10`
   Print control:
    - List of all possible fields: `sacct --helpformat`
    - Add `--format=<field1,field2,etc>` with fields of interest
============================================================================
