file read now: graphs/894.tsv
Max # threads = 16
Running on 16 cores
# vertices in csv = 226196186
The max value of a vertex is: 226196185
The root node for this graph is: 104492306
The number of edges in this graph is: 480047894
The initial graph is not connected!
Number of vertices not connected is: 12513592

Begin to run and collect time for openmp....
Total execution time: 2.75741627 seconds
the max error of vertices has been visted is.. 0

Running on:  AMD EPYC 7302 16-Core Processor
============================================================================
                               JOB STATISTICS                              
============================================================================
      SubmitTime: 2022-04-26T02:52:14
         EndTime: 2022-04-26T03:22:14
         RunTime: 00:03:33
           JobId: 5801492
            TRES: cpu=16,mem=64288M,node=1,billing=12
       Partition: smp
        NodeList: smp-n165
         Command: /ihome/ece2166_2022s/fas48/ECE2166_Project/graphBFS_omp.slurm
          StdOut: /ihome/ece2166_2022s/fas48/ECE2166_Project/slurm-5801492.out
More information:
    - `sacct -M smp -j 5801492 -S 2022-04-26T02:52:14 -E 2022-04-26T03:22:14`
   Print control:
    - List of all possible fields: `sacct --helpformat`
    - Add `--format=<field1,field2,etc>` with fields of interest
============================================================================
