Running on:  Intel(R) Xeon(R) Gold 6126 CPU @ 2.60GHz
Graph file in use: graphs/mawi_201512020030.mtx
Max # threads = 16
Running on 16 cores
# vertices in csv = 68863316
The max value of a vertex is: 68863315
The root node for this graph is: 31413874
The number of edges in this graph is: 71707480
The initial graph is not connected!
Number of vertices not connected is: 3951131

Starting timer and running MST algorithm...
Total execution time: 12.53893510 seconds
Total edges in MST is: 64912183
Total weight for MST is: 223835711
There are no cycles within the MST!

Starting timer and running MST algorithm...
Total execution time: 5.51485831 seconds
Total edges in MST is: 64912183
Total weight for MST is: 223835711
There are no cycles within the MST!

Starting timer and running MST algorithm...
Total execution time: 5.14378155 seconds
Total edges in MST is: 64912183
Total weight for MST is: 223835711
There are no cycles within the MST!

Starting timer and running MST algorithm...
Total execution time: 5.83707409 seconds
Total edges in MST is: 64912183
Total weight for MST is: 223835711
There are no cycles within the MST!

Starting timer and running MST algorithm...
Total execution time: 6.25358359 seconds
Total edges in MST is: 64912183
Total weight for MST is: 223835711
There are no cycles within the MST!

Starting timer and running MST algorithm...
Total execution time: 6.49332204 seconds
Total edges in MST is: 64912183
Total weight for MST is: 223835711
There are no cycles within the MST!

Starting timer and running MST algorithm...
Total execution time: 5.71392411 seconds
Total edges in MST is: 64912183
Total weight for MST is: 223835711
There are no cycles within the MST!

Starting timer and running MST algorithm...
Total execution time: 5.60803650 seconds
Total edges in MST is: 64912183
Total weight for MST is: 223835711
There are no cycles within the MST!

Starting timer and running MST algorithm...
Total execution time: 5.40223931 seconds
Total edges in MST is: 64912183
Total weight for MST is: 223835711
There are no cycles within the MST!

Starting timer and running MST algorithm...
Total execution time: 6.79994301 seconds
Total edges in MST is: 64912183
Total weight for MST is: 223835711
There are no cycles within the MST!

Average time across MST runs is: 6.53057
============================================================================
                               JOB STATISTICS                              
============================================================================
      SubmitTime: 2022-04-22T18:29:22
         EndTime: 2022-04-22T20:29:25
         RunTime: 00:02:11
           JobId: 5762783
            TRES: cpu=16,mem=64288M,node=1,billing=12
       Partition: smp
        NodeList: smp-n72
         Command: /ihome/ece2195_2022s/jjb169/ece2166/graphProject/graphMST.slurm
          StdOut: /ihome/ece2195_2022s/jjb169/ece2166/graphProject/slurm-5762783.out
More information:
    - `sacct -M smp -j 5762783 -S 2022-04-22T18:29:22 -E 2022-04-22T20:29:25`
   Print control:
    - List of all possible fields: `sacct --helpformat`
    - Add `--format=<field1,field2,etc>` with fields of interest
============================================================================
