Running on:  Intel(R) Xeon(R) Gold 6126 CPU @ 2.60GHz
Graph file in use: graphs/mawi_201512020030.mtx
Max # threads = 16
Running on 4 cores
# vertices in csv = 68863316
The max value of a vertex is: 68863315
The root node for this graph is: 31413874
The number of edges in this graph is: 71707480
The initial graph is not connected!
Number of vertices not connected is: 3951131

Starting timer and running MST algorithm...
Total execution time: 13.23240449 seconds
Total edges in MST is: 64912183
Total weight for MST is: 223835711
There are no cycles within the MST!

Starting timer and running MST algorithm...
Total execution time: 8.26971772 seconds
Total edges in MST is: 64912183
Total weight for MST is: 223835711
There are no cycles within the MST!

Starting timer and running MST algorithm...
Total execution time: 7.04648835 seconds
Total edges in MST is: 64912183
Total weight for MST is: 223835711
There are no cycles within the MST!

Starting timer and running MST algorithm...
Total execution time: 7.27898881 seconds
Total edges in MST is: 64912183
Total weight for MST is: 223835711
There are no cycles within the MST!

Starting timer and running MST algorithm...
Total execution time: 9.27023779 seconds
Total edges in MST is: 64912183
Total weight for MST is: 223835711
There are no cycles within the MST!

Starting timer and running MST algorithm...
Total execution time: 7.14831457 seconds
Total edges in MST is: 64912183
Total weight for MST is: 223835711
There are no cycles within the MST!

Starting timer and running MST algorithm...
Total execution time: 8.08622579 seconds
Total edges in MST is: 64912183
Total weight for MST is: 223835711
There are no cycles within the MST!

Starting timer and running MST algorithm...
Total execution time: 7.85741895 seconds
Total edges in MST is: 64912183
Total weight for MST is: 223835711
There are no cycles within the MST!

Starting timer and running MST algorithm...
Total execution time: 7.02466626 seconds
Total edges in MST is: 64912183
Total weight for MST is: 223835711
There are no cycles within the MST!

Starting timer and running MST algorithm...
Total execution time: 7.99017010 seconds
Total edges in MST is: 64912183
Total weight for MST is: 223835711
There are no cycles within the MST!

Average time across MST runs is: 8.32046
============================================================================
                               JOB STATISTICS                              
============================================================================
      SubmitTime: 2022-04-22T18:39:24
         EndTime: 2022-04-22T20:39:28
         RunTime: 00:02:26
           JobId: 5762816
            TRES: cpu=16,mem=64288M,node=1,billing=12
       Partition: smp
        NodeList: smp-n86
         Command: /ihome/ece2195_2022s/jjb169/ece2166/graphProject/graphMST.slurm
          StdOut: /ihome/ece2195_2022s/jjb169/ece2166/graphProject/slurm-5762816.out
More information:
    - `sacct -M smp -j 5762816 -S 2022-04-22T18:39:24 -E 2022-04-22T20:39:28`
   Print control:
    - List of all possible fields: `sacct --helpformat`
    - Add `--format=<field1,field2,etc>` with fields of interest
============================================================================
