Running on:  Intel(R) Xeon(R) Gold 6126 CPU @ 2.60GHz
Graph file in use: graphs/mawi_201512020130.mtx
Max # threads = 16
Running on 16 cores
# vertices in csv = 128568731
The max value of a vertex is: 128568730
The root node for this graph is: 58782752
The number of edges in this graph is: 135117420
The initial graph is not connected!
Number of vertices not connected is: 6974219

Starting timer and running MST algorithm...
Total execution time: 24.34613448 seconds
Total edges in MST is: 121594510
Total weight for MST is: 413757213
There are no cycles within the MST!

Starting timer and running MST algorithm...
Total execution time: 12.71496345 seconds
Total edges in MST is: 121594510
Total weight for MST is: 413757213
There are no cycles within the MST!

Starting timer and running MST algorithm...
Total execution time: 10.46194598 seconds
Total edges in MST is: 121594510
Total weight for MST is: 413757213
There are no cycles within the MST!

Starting timer and running MST algorithm...
Total execution time: 10.03039760 seconds
Total edges in MST is: 121594510
Total weight for MST is: 413757213
There are no cycles within the MST!

Starting timer and running MST algorithm...
Total execution time: 10.08695402 seconds
Total edges in MST is: 121594510
Total weight for MST is: 413757213
There are no cycles within the MST!

Starting timer and running MST algorithm...
Total execution time: 10.45361543 seconds
Total edges in MST is: 121594510
Total weight for MST is: 413757213
There are no cycles within the MST!

Starting timer and running MST algorithm...
Total execution time: 9.53803837 seconds
Total edges in MST is: 121594510
Total weight for MST is: 413757213
There are no cycles within the MST!

Starting timer and running MST algorithm...
Total execution time: 10.47865102 seconds
Total edges in MST is: 121594510
Total weight for MST is: 413757213
There are no cycles within the MST!

Starting timer and running MST algorithm...
Total execution time: 10.03306796 seconds
Total edges in MST is: 121594510
Total weight for MST is: 413757213
There are no cycles within the MST!

Starting timer and running MST algorithm...
Total execution time: 9.40435548 seconds
Total edges in MST is: 121594510
Total weight for MST is: 413757213
There are no cycles within the MST!

Average time across MST runs is: 11.7548
============================================================================
                               JOB STATISTICS                              
============================================================================
      SubmitTime: 2022-04-22T17:17:14
         EndTime: 2022-04-22T19:17:19
         RunTime: 00:03:53
           JobId: 5761755
            TRES: cpu=16,mem=64288M,node=1,billing=12
       Partition: smp
        NodeList: smp-n92
         Command: /ihome/ece2195_2022s/jjb169/ece2166/graphProject/graphMST.slurm
          StdOut: /ihome/ece2195_2022s/jjb169/ece2166/graphProject/slurm-5761755.out
More information:
    - `sacct -M smp -j 5761755 -S 2022-04-22T17:17:14 -E 2022-04-22T19:17:19`
   Print control:
    - List of all possible fields: `sacct --helpformat`
    - Add `--format=<field1,field2,etc>` with fields of interest
============================================================================
