Running on:  Intel(R) Xeon(R) Gold 6126 CPU @ 2.60GHz
Max # threads = 16
Running on 2 cores
# vertices in csv = 128568731
The max value of a vertex is: 128568730
The root node for this graph is: 58782752
The number of edges in this graph is: 135117420
The initial graph is not connected!
Number of vertices not connected is: 6974219

Starting timer and running MST algorithm...
Total execution time: 23.97443473 seconds
Total edges in MST is: 2.43189e+08
Total weight for MST is: 4.13757e+08
Starting timer and running MST algorithm...
Total execution time: 17.20870829 seconds
Total edges in MST is: 2.43189e+08
Total weight for MST is: 4.13757e+08
Starting timer and running MST algorithm...
Total execution time: 17.14136620 seconds
Total edges in MST is: 2.43189e+08
Total weight for MST is: 4.13757e+08
Starting timer and running MST algorithm...
Total execution time: 18.89514894 seconds
Total edges in MST is: 2.43189e+08
Total weight for MST is: 4.13757e+08
Starting timer and running MST algorithm...
Total execution time: 19.63888830 seconds
Total edges in MST is: 2.43189e+08
Total weight for MST is: 4.13757e+08
Starting timer and running MST algorithm...
Total execution time: 18.86078981 seconds
Total edges in MST is: 2.43189e+08
Total weight for MST is: 4.13757e+08
Starting timer and running MST algorithm...
Total execution time: 17.58309173 seconds
Total edges in MST is: 2.43189e+08
Total weight for MST is: 4.13757e+08
Starting timer and running MST algorithm...
Total execution time: 16.71579787 seconds
Total edges in MST is: 2.43189e+08
Total weight for MST is: 4.13757e+08
Starting timer and running MST algorithm...
Total execution time: 19.64212226 seconds
Total edges in MST is: 2.43189e+08
Total weight for MST is: 4.13757e+08
Starting timer and running MST algorithm...
Total execution time: 20.61709729 seconds
Total edges in MST is: 2.43189e+08
Total weight for MST is: 4.13757e+08
Average time across MST runs is: 19.0277
============================================================================
                               JOB STATISTICS                              
============================================================================
      SubmitTime: 2022-04-20T20:02:01
         EndTime: 2022-04-20T20:32:02
         RunTime: 00:04:55
           JobId: 5753122
            TRES: cpu=16,mem=64288M,node=1,billing=12
       Partition: smp
        NodeList: smp-n78
         Command: /ihome/ece2195_2022s/jjb169/ece2166/graphProject/graphMST.slurm
          StdOut: /ihome/ece2195_2022s/jjb169/ece2166/graphProject/slurm-5753122.out
More information:
    - `sacct -M smp -j 5753122 -S 2022-04-20T20:02:01 -E 2022-04-20T20:32:02`
   Print control:
    - List of all possible fields: `sacct --helpformat`
    - Add `--format=<field1,field2,etc>` with fields of interest
============================================================================
