Running on:  Intel(R) Xeon(R) Gold 6126 CPU @ 2.60GHz
Graph file in use: ../graphs/mawi_201512020030.mtx
Max # threads = 16
Running on 2 cores
# vertices in csv = 68863316
The max value of a vertex is: 68863315
The root node for this graph is: 31413874
The number of edges in this graph is: 71707480
The initial graph is not connected!
Number of vertices not connected is: 3951131

Begin to run and collect time for baseline....
Total execution time: 0.69929284 seconds
Checking if all vertices have been visited...
Graph is not fully connected, 64912184 vertices reachable from the root have been visited!

Begin to run and collect time for baseline....
Total execution time: 0.68549421 seconds
Checking if all vertices have been visited...
Graph is not fully connected, 64912184 vertices reachable from the root have been visited!

Begin to run and collect time for baseline....
Total execution time: 0.68604579 seconds
Checking if all vertices have been visited...
Graph is not fully connected, 64912184 vertices reachable from the root have been visited!

Begin to run and collect time for baseline....
Total execution time: 0.68596849 seconds
Checking if all vertices have been visited...
Graph is not fully connected, 64912184 vertices reachable from the root have been visited!

Begin to run and collect time for baseline....
Total execution time: 0.68655338 seconds
Checking if all vertices have been visited...
Graph is not fully connected, 64912184 vertices reachable from the root have been visited!

Begin to run and collect time for baseline....
Total execution time: 0.68766702 seconds
Checking if all vertices have been visited...
Graph is not fully connected, 64912184 vertices reachable from the root have been visited!

Begin to run and collect time for baseline....
Total execution time: 0.68678605 seconds
Checking if all vertices have been visited...
Graph is not fully connected, 64912184 vertices reachable from the root have been visited!

Begin to run and collect time for baseline....
Total execution time: 0.68502024 seconds
Checking if all vertices have been visited...
Graph is not fully connected, 64912184 vertices reachable from the root have been visited!

Begin to run and collect time for baseline....
Total execution time: 0.68735952 seconds
Checking if all vertices have been visited...
Graph is not fully connected, 64912184 vertices reachable from the root have been visited!

Begin to run and collect time for baseline....
Total execution time: 0.68708305 seconds
Checking if all vertices have been visited...
Graph is not fully connected, 64912184 vertices reachable from the root have been visited!

Average time across MST runs is: 0.687727
============================================================================
                               JOB STATISTICS                              
============================================================================
      SubmitTime: 2022-04-25T02:12:04
         EndTime: 2022-04-25T04:12:06
         RunTime: 00:00:54
           JobId: 5797252
            TRES: cpu=16,mem=64288M,node=1,billing=12
       Partition: smp
        NodeList: smp-n119
         Command: /ihome/ece2195_2022s/jjb169/ece2166/graphProject/BFS_stuff/graphBFS.slurm
          StdOut: /ihome/ece2195_2022s/jjb169/ece2166/graphProject/BFS_stuff/slurm-5797252.out
More information:
    - `sacct -M smp -j 5797252 -S 2022-04-25T02:12:04 -E 2022-04-25T04:12:06`
   Print control:
    - List of all possible fields: `sacct --helpformat`
    - Add `--format=<field1,field2,etc>` with fields of interest
============================================================================
