Running on:  Intel(R) Xeon(R) Gold 6126 CPU @ 2.60GHz
Graph file in use: ../graphs/mawi_201512020030.mtx
Max # threads = 16
Running on 8 cores
# vertices in csv = 68863316
The max value of a vertex is: 68863315
The root node for this graph is: 31413874
The number of edges in this graph is: 71707480
The initial graph is not connected!
Number of vertices not connected is: 3951131

Begin to run and collect time for baseline....
Total execution time: 0.71981787 seconds
Checking if all vertices have been visited...
Graph is not fully connected, 64912184 vertices reachable from the root have been visited!

Begin to run and collect time for baseline....
Total execution time: 0.71916953 seconds
Checking if all vertices have been visited...
Graph is not fully connected, 64912184 vertices reachable from the root have been visited!

Begin to run and collect time for baseline....
Total execution time: 0.72294623 seconds
Checking if all vertices have been visited...
Graph is not fully connected, 64912184 vertices reachable from the root have been visited!

Begin to run and collect time for baseline....
Total execution time: 0.71631735 seconds
Checking if all vertices have been visited...
Graph is not fully connected, 64912184 vertices reachable from the root have been visited!

Begin to run and collect time for baseline....
Total execution time: 0.71471814 seconds
Checking if all vertices have been visited...
Graph is not fully connected, 64912184 vertices reachable from the root have been visited!

Begin to run and collect time for baseline....
Total execution time: 0.71618167 seconds
Checking if all vertices have been visited...
Graph is not fully connected, 64912184 vertices reachable from the root have been visited!

Begin to run and collect time for baseline....
Total execution time: 0.71491633 seconds
Checking if all vertices have been visited...
Graph is not fully connected, 64912184 vertices reachable from the root have been visited!

Begin to run and collect time for baseline....
Total execution time: 0.71655932 seconds
Checking if all vertices have been visited...
Graph is not fully connected, 64912184 vertices reachable from the root have been visited!

Begin to run and collect time for baseline....
Total execution time: 0.71468671 seconds
Checking if all vertices have been visited...
Graph is not fully connected, 64912184 vertices reachable from the root have been visited!

Begin to run and collect time for baseline....
Total execution time: 0.71616357 seconds
Checking if all vertices have been visited...
Graph is not fully connected, 64912184 vertices reachable from the root have been visited!

Average time across MST runs is: 0.717148
============================================================================
                               JOB STATISTICS                              
============================================================================
      SubmitTime: 2022-04-25T02:09:07
         EndTime: 2022-04-25T04:09:10
         RunTime: 00:00:57
           JobId: 5797249
            TRES: cpu=16,mem=64288M,node=1,billing=12
       Partition: smp
        NodeList: smp-n118
         Command: /ihome/ece2195_2022s/jjb169/ece2166/graphProject/BFS_stuff/graphBFS.slurm
          StdOut: /ihome/ece2195_2022s/jjb169/ece2166/graphProject/BFS_stuff/slurm-5797249.out
More information:
    - `sacct -M smp -j 5797249 -S 2022-04-25T02:09:07 -E 2022-04-25T04:09:10`
   Print control:
    - List of all possible fields: `sacct --helpformat`
    - Add `--format=<field1,field2,etc>` with fields of interest
============================================================================
