file read now: graphs/894.tsv
Max # threads = 16
Running on 8 cores
# vertices in csv = 226196186
The max value of a vertex is: 226196185
The root node for this graph is: 104492306
The number of edges in this graph is: 480047894
The initial graph is not connected!
Number of vertices not connected is: 12513592

Begin to run and collect time for openmp....
Total execution time: 3.38322199 seconds
the max error of vertices has been visted is.. 0


============================================================================
                               JOB STATISTICS                              
============================================================================
      SubmitTime: 2022-04-26T03:00:01
         EndTime: 2022-04-26T03:30:02
         RunTime: 00:05:38
           JobId: 5801493
            TRES: cpu=16,mem=64288M,node=1,billing=12
       Partition: smp
        NodeList: smp-n165
         Command: /ihome/ece2166_2022s/fas48/ECE2166_Project/graphBFS_omp.slurm
          StdOut: /ihome/ece2166_2022s/fas48/ECE2166_Project/slurm-5801493.out
More information:
    - `sacct -M smp -j 5801493 -S 2022-04-26T03:00:01 -E 2022-04-26T03:30:02`
   Print control:
    - List of all possible fields: `sacct --helpformat`
    - Add `--format=<field1,field2,etc>` with fields of interest
============================================================================
