Running on:  Intel(R) Xeon(R) Gold 6126 CPU @ 2.60GHz
Graph file in use: graphs/201512020330.v226196185_e480047894.tsv
Max # threads = 16
Running on 2 cores
# vertices in csv = 226196186
The max value of a vertex is: 226196185
The root node for this graph is: 104492306
The number of edges in this graph is: 480047894
The initial graph is not connected!
Number of vertices not connected is: 12513592

Starting timer and running MST algorithm...
Total execution time: 57.41000823 seconds
Total edges in MST is: 213682592
Total weight for MST is: 701114948
There are no cycles within the MST!

Starting timer and running MST algorithm...
Total execution time: 41.01465453 seconds
Total edges in MST is: 213682592
Total weight for MST is: 701114948
There are no cycles within the MST!

Starting timer and running MST algorithm...
Total execution time: 43.87320730 seconds
Total edges in MST is: 213682592
Total weight for MST is: 701114948
There are no cycles within the MST!

Starting timer and running MST algorithm...
Total execution time: 43.02790000 seconds
Total edges in MST is: 213682592
Total weight for MST is: 701114948
There are no cycles within the MST!

Starting timer and running MST algorithm...
Total execution time: 42.56111900 seconds
Total edges in MST is: 213682592
Total weight for MST is: 701114948
There are no cycles within the MST!

Starting timer and running MST algorithm...
Total execution time: 42.95412676 seconds
Total edges in MST is: 213682592
Total weight for MST is: 701114948
There are no cycles within the MST!

Starting timer and running MST algorithm...
Total execution time: 42.86908338 seconds
Total edges in MST is: 213682592
Total weight for MST is: 701114948
There are no cycles within the MST!

Starting timer and running MST algorithm...
Total execution time: 43.87079776 seconds
Total edges in MST is: 213682592
Total weight for MST is: 701114948
There are no cycles within the MST!

Starting timer and running MST algorithm...
Total execution time: 41.48841826 seconds
Total edges in MST is: 213682592
Total weight for MST is: 701114948
There are no cycles within the MST!

Starting timer and running MST algorithm...
Total execution time: 42.33946358 seconds
Total edges in MST is: 213682592
Total weight for MST is: 701114948
There are no cycles within the MST!

Average time across MST runs is: 44.1409
============================================================================
                               JOB STATISTICS                              
============================================================================
      SubmitTime: 2022-04-22T17:03:58
         EndTime: 2022-04-22T19:04:02
         RunTime: 00:13:28
           JobId: 5761739
            TRES: cpu=16,mem=64288M,node=1,billing=12
       Partition: smp
        NodeList: smp-n96
         Command: /ihome/ece2195_2022s/jjb169/ece2166/graphProject/graphMST.slurm
          StdOut: /ihome/ece2195_2022s/jjb169/ece2166/graphProject/slurm-5761739.out
More information:
    - `sacct -M smp -j 5761739 -S 2022-04-22T17:03:58 -E 2022-04-22T19:04:02`
   Print control:
    - List of all possible fields: `sacct --helpformat`
    - Add `--format=<field1,field2,etc>` with fields of interest
============================================================================
