Running on:  Intel(R) Xeon(R) Gold 6126 CPU @ 2.60GHz
Graph file in use: graphs/201512020330.v226196185_e480047894.tsv
Max # threads = 16
Running on 4 cores
# vertices in csv = 226196186
The max value of a vertex is: 226196185
The root node for this graph is: 104492306
The number of edges in this graph is: 480047894
The initial graph is not connected!
Number of vertices not connected is: 12513592

Starting timer and running MST algorithm...
Total execution time: 44.90785340 seconds
Total edges in MST is: 213682592
Total weight for MST is: 701114948
There are no cycles within the MST!

Starting timer and running MST algorithm...
Total execution time: 30.67047352 seconds
Total edges in MST is: 213682592
Total weight for MST is: 701114948
There are no cycles within the MST!

Starting timer and running MST algorithm...
Total execution time: 27.87914260 seconds
Total edges in MST is: 213682592
Total weight for MST is: 701114948
There are no cycles within the MST!

Starting timer and running MST algorithm...
Total execution time: 29.13642399 seconds
Total edges in MST is: 213682592
Total weight for MST is: 701114948
There are no cycles within the MST!

Starting timer and running MST algorithm...
Total execution time: 28.36242625 seconds
Total edges in MST is: 213682592
Total weight for MST is: 701114948
There are no cycles within the MST!

Starting timer and running MST algorithm...
Total execution time: 31.69170219 seconds
Total edges in MST is: 213682592
Total weight for MST is: 701114948
There are no cycles within the MST!

Starting timer and running MST algorithm...
Total execution time: 33.22617880 seconds
Total edges in MST is: 213682592
Total weight for MST is: 701114948
There are no cycles within the MST!

Starting timer and running MST algorithm...
Total execution time: 30.98707389 seconds
Total edges in MST is: 213682592
Total weight for MST is: 701114948
There are no cycles within the MST!

Starting timer and running MST algorithm...
Total execution time: 29.84150489 seconds
Total edges in MST is: 213682592
Total weight for MST is: 701114948
There are no cycles within the MST!

Starting timer and running MST algorithm...
Total execution time: 30.67207175 seconds
Total edges in MST is: 213682592
Total weight for MST is: 701114948
There are no cycles within the MST!

Average time across MST runs is: 31.7375
============================================================================
                               JOB STATISTICS                              
============================================================================
      SubmitTime: 2022-04-21T17:44:24
         EndTime: 2022-04-21T19:44:28
         RunTime: 00:11:12
           JobId: 5756071
            TRES: cpu=16,mem=64288M,node=1,billing=12
       Partition: smp
        NodeList: smp-n143
         Command: /ihome/ece2195_2022s/jjb169/ece2166/graphProject/graphMST.slurm
          StdOut: /ihome/ece2195_2022s/jjb169/ece2166/graphProject/slurm-5756071.out
More information:
    - `sacct -M smp -j 5756071 -S 2022-04-21T17:44:24 -E 2022-04-21T19:44:28`
   Print control:
    - List of all possible fields: `sacct --helpformat`
    - Add `--format=<field1,field2,etc>` with fields of interest
============================================================================
