Running on:  Intel(R) Xeon(R) Gold 6126 CPU @ 2.60GHz
Graph file in use: graphs/201512020330.v226196185_e480047894.tsv
Max # threads = 16
Running on 8 cores
# vertices in csv = 226196186
The max value of a vertex is: 226196185
The root node for this graph is: 104492306
The number of edges in this graph is: 480047894
The initial graph is not connected!
Number of vertices not connected is: 12513592

Starting timer and running MST algorithm...
Total execution time: 43.57267802 seconds
Total edges in MST is: 213682592
Total weight for MST is: 701114948
There are no cycles within the MST!

Starting timer and running MST algorithm...
Total execution time: 26.57940381 seconds
Total edges in MST is: 213682592
Total weight for MST is: 701114948
There are no cycles within the MST!

Starting timer and running MST algorithm...
Total execution time: 26.40934630 seconds
Total edges in MST is: 213682592
Total weight for MST is: 701114948
There are no cycles within the MST!

Starting timer and running MST algorithm...
Total execution time: 25.64026064 seconds
Total edges in MST is: 213682592
Total weight for MST is: 701114948
There are no cycles within the MST!

Starting timer and running MST algorithm...
Total execution time: 22.82504931 seconds
Total edges in MST is: 213682592
Total weight for MST is: 701114948
There are no cycles within the MST!

Starting timer and running MST algorithm...
Total execution time: 22.66604143 seconds
Total edges in MST is: 213682592
Total weight for MST is: 701114948
There are no cycles within the MST!

Starting timer and running MST algorithm...
Total execution time: 22.41340929 seconds
Total edges in MST is: 213682592
Total weight for MST is: 701114948
There are no cycles within the MST!

Starting timer and running MST algorithm...
Total execution time: 24.25234126 seconds
Total edges in MST is: 213682592
Total weight for MST is: 701114948
There are no cycles within the MST!

Starting timer and running MST algorithm...
Total execution time: 22.83533981 seconds
Total edges in MST is: 213682592
Total weight for MST is: 701114948
There are no cycles within the MST!

Starting timer and running MST algorithm...
Total execution time: 22.38153727 seconds
Total edges in MST is: 213682592
Total weight for MST is: 701114948
There are no cycles within the MST!

Average time across MST runs is: 25.9575
============================================================================
                               JOB STATISTICS                              
============================================================================
      SubmitTime: 2022-04-21T17:44:19
         EndTime: 2022-04-21T19:44:23
         RunTime: 00:10:04
           JobId: 5756070
            TRES: cpu=16,mem=64288M,node=1,billing=12
       Partition: smp
        NodeList: smp-n142
         Command: /ihome/ece2195_2022s/jjb169/ece2166/graphProject/graphMST.slurm
          StdOut: /ihome/ece2195_2022s/jjb169/ece2166/graphProject/slurm-5756070.out
More information:
    - `sacct -M smp -j 5756070 -S 2022-04-21T17:44:19 -E 2022-04-21T19:44:23`
   Print control:
    - List of all possible fields: `sacct --helpformat`
    - Add `--format=<field1,field2,etc>` with fields of interest
============================================================================
