file read now: graphs/mawi_201512020030.mtx
Max # threads = 16
Running on 16 cores
Running file name: graphs/mawi_201512020030.mtx
# vertices in csv = 68863316
The max value of a vertex is: 68863315
The root node for this graph is: 31413874
The number of edges in this graph is: 71707480
The initial graph is not connected!
Number of vertices not connected is: 3951131

Begin to run and collect time for openmp....
Total execution time: 0.94748318 seconds
the max error of vertices has been visted is.. 0


Running on:  Intel(R) Xeon(R) Gold 6126 CPU @ 2.60GHz
============================================================================
                               JOB STATISTICS                              
============================================================================
      SubmitTime: 2022-04-26T04:27:53
         EndTime: 2022-04-26T04:57:54
         RunTime: 00:01:02
           JobId: 5801547
            TRES: cpu=16,mem=64288M,node=1,billing=12
       Partition: smp
        NodeList: smp-n197
         Command: /ihome/ece2166_2022s/fas48/ECE2166_Project/graphBFS_omp.slurm
          StdOut: /ihome/ece2166_2022s/fas48/ECE2166_Project/slurm-5801547.out
More information:
    - `sacct -M smp -j 5801547 -S 2022-04-26T04:27:53 -E 2022-04-26T04:57:54`
   Print control:
    - List of all possible fields: `sacct --helpformat`
    - Add `--format=<field1,field2,etc>` with fields of interest
============================================================================
