file read now: graphs/mawi_201512020030.mtx
Max # threads = 16
Running on 2 cores
Running file name: graphs/mawi_201512020030.mtx
# vertices in csv = 68863316
The max value of a vertex is: 68863315
The root node for this graph is: 31413874
The number of edges in this graph is: 71707480
The initial graph is not connected!
Number of vertices not connected is: 3951131

Begin to run and collect time for openmp....
Total execution time: 1.00367558 seconds
the max error of vertices has been visted is.. 0

Running on:  Intel(R) Xeon(R) Gold 6126 CPU @ 2.60GHz
============================================================================
                               JOB STATISTICS                              
============================================================================
      SubmitTime: 2022-04-26T04:36:43
         EndTime: 2022-04-26T05:06:46
         RunTime: 00:00:55
           JobId: 5801550
            TRES: cpu=16,mem=64288M,node=1,billing=12
       Partition: smp
        NodeList: smp-n60
         Command: /ihome/ece2166_2022s/fas48/ECE2166_Project/graphBFS_omp.slurm
          StdOut: /ihome/ece2166_2022s/fas48/ECE2166_Project/slurm-5801550.out
More information:
    - `sacct -M smp -j 5801550 -S 2022-04-26T04:36:43 -E 2022-04-26T05:06:46`
   Print control:
    - List of all possible fields: `sacct --helpformat`
    - Add `--format=<field1,field2,etc>` with fields of interest
============================================================================
