Running on:  Intel(R) Xeon(R) Gold 6126 CPU @ 2.60GHz
Graph file in use: ../graphs/201512020130.v128568730_e270234840.tsv
Max # threads = 16
Running on 2 cores
# vertices in csv = 128568731
The max value of a vertex is: 128568730
The root node for this graph is: 58782752
The number of edges in this graph is: 270234840
The initial graph is not connected!
Number of vertices not connected is: 6974219

Begin to run and collect time for baseline....
Total execution time: 1.75746656 seconds
Checking if all vertices have been visited...
Graph is not fully connected, 121594511 vertices reachable from the root have been visited!

Begin to run and collect time for baseline....
Total execution time: 1.83288617 seconds
Checking if all vertices have been visited...
Graph is not fully connected, 121594511 vertices reachable from the root have been visited!

Begin to run and collect time for baseline....
Total execution time: 1.81895000 seconds
Checking if all vertices have been visited...
Graph is not fully connected, 121594511 vertices reachable from the root have been visited!

Begin to run and collect time for baseline....
Total execution time: 1.72899864 seconds
Checking if all vertices have been visited...
Graph is not fully connected, 121594511 vertices reachable from the root have been visited!

Begin to run and collect time for baseline....
Total execution time: 1.69039339 seconds
Checking if all vertices have been visited...
Graph is not fully connected, 121594511 vertices reachable from the root have been visited!

Begin to run and collect time for baseline....
Total execution time: 1.69212169 seconds
Checking if all vertices have been visited...
Graph is not fully connected, 121594511 vertices reachable from the root have been visited!

Begin to run and collect time for baseline....
Total execution time: 1.69007704 seconds
Checking if all vertices have been visited...
Graph is not fully connected, 121594511 vertices reachable from the root have been visited!

Begin to run and collect time for baseline....
Total execution time: 1.68980263 seconds
Checking if all vertices have been visited...
Graph is not fully connected, 121594511 vertices reachable from the root have been visited!

Begin to run and collect time for baseline....
Total execution time: 1.69265368 seconds
Checking if all vertices have been visited...
Graph is not fully connected, 121594511 vertices reachable from the root have been visited!

Begin to run and collect time for baseline....
Total execution time: 1.69168161 seconds
Checking if all vertices have been visited...
Graph is not fully connected, 121594511 vertices reachable from the root have been visited!

Average time across MST runs is: 1.7285
============================================================================
                               JOB STATISTICS                              
============================================================================
      SubmitTime: 2022-04-25T16:11:05
         EndTime: 2022-04-25T18:11:05
         RunTime: 00:03:07
           JobId: 5799550
            TRES: cpu=16,mem=64288M,node=1,billing=12
       Partition: smp
        NodeList: smp-n76
         Command: /ihome/ece2195_2022s/jjb169/ece2166/graphProject/BFS_stuff/graphBFS.slurm
          StdOut: /ihome/ece2195_2022s/jjb169/ece2166/graphProject/BFS_stuff/slurm-5799550.out
More information:
    - `sacct -M smp -j 5799550 -S 2022-04-25T16:11:05 -E 2022-04-25T18:11:05`
   Print control:
    - List of all possible fields: `sacct --helpformat`
    - Add `--format=<field1,field2,etc>` with fields of interest
============================================================================
