Running on:  Intel(R) Xeon(R) Gold 6126 CPU @ 2.60GHz
Graph file in use: graphs/201512020130.v128568730_e270234840.tsv
Max # threads = 16
Running on 2 cores
# vertices in csv = 128568731
The max value of a vertex is: 128568730
The root node for this graph is: 58782752
The number of edges in this graph is: 270234840
The initial graph is not connected!
Number of vertices not connected is: 6974219

Starting timer and running MST algorithm...
Total execution time: 24.46013659 seconds
Total edges in MST is: 121594510
Total weight for MST is: 413757213
There are no cycles within the MST!

Starting timer and running MST algorithm...
Total execution time: 16.94597394 seconds
Total edges in MST is: 121594510
Total weight for MST is: 413757213
There are no cycles within the MST!

Starting timer and running MST algorithm...
Total execution time: 18.37994132 seconds
Total edges in MST is: 121594510
Total weight for MST is: 413757213
There are no cycles within the MST!

Starting timer and running MST algorithm...
Total execution time: 16.91423910 seconds
Total edges in MST is: 121594510
Total weight for MST is: 413757213
There are no cycles within the MST!

Starting timer and running MST algorithm...
Total execution time: 17.77760137 seconds
Total edges in MST is: 121594510
Total weight for MST is: 413757213
There are no cycles within the MST!

Starting timer and running MST algorithm...
Total execution time: 18.73495599 seconds
Total edges in MST is: 121594510
Total weight for MST is: 413757213
There are no cycles within the MST!

Starting timer and running MST algorithm...
Total execution time: 17.32315220 seconds
Total edges in MST is: 121594510
Total weight for MST is: 413757213
There are no cycles within the MST!

Starting timer and running MST algorithm...
Total execution time: 18.21146490 seconds
Total edges in MST is: 121594510
Total weight for MST is: 413757213
There are no cycles within the MST!

Starting timer and running MST algorithm...
Total execution time: 18.42279813 seconds
Total edges in MST is: 121594510
Total weight for MST is: 413757213
There are no cycles within the MST!

Starting timer and running MST algorithm...
Total execution time: 17.51568588 seconds
Total edges in MST is: 121594510
Total weight for MST is: 413757213
There are no cycles within the MST!

Average time across MST runs is: 18.4686
============================================================================
                               JOB STATISTICS                              
============================================================================
      SubmitTime: 2022-04-21T17:42:18
         EndTime: 2022-04-21T19:42:21
         RunTime: 00:06:10
           JobId: 5756068
            TRES: cpu=16,mem=64288M,node=1,billing=12
       Partition: smp
        NodeList: smp-n71
         Command: /ihome/ece2195_2022s/jjb169/ece2166/graphProject/graphMST.slurm
          StdOut: /ihome/ece2195_2022s/jjb169/ece2166/graphProject/slurm-5756068.out
More information:
    - `sacct -M smp -j 5756068 -S 2022-04-21T17:42:18 -E 2022-04-21T19:42:21`
   Print control:
    - List of all possible fields: `sacct --helpformat`
    - Add `--format=<field1,field2,etc>` with fields of interest
============================================================================
