Running on:  Intel(R) Xeon(R) Gold 6126 CPU @ 2.60GHz
Graph file in use: graphs/201512020130.v128568730_e270234840.tsv
Max # threads = 16
Running on 4 cores
# vertices in csv = 128568731
The max value of a vertex is: 128568730
The root node for this graph is: 58782752
The number of edges in this graph is: 270234840
The initial graph is not connected!
Number of vertices not connected is: 6974219

Starting timer and running MST algorithm...
Total execution time: 24.32103109 seconds
Total edges in MST is: 121594510
Total weight for MST is: 413757213
There are no cycles within the MST!

Starting timer and running MST algorithm...
Total execution time: 14.20920482 seconds
Total edges in MST is: 121594510
Total weight for MST is: 413757213
There are no cycles within the MST!

Starting timer and running MST algorithm...
Total execution time: 13.73452272 seconds
Total edges in MST is: 121594510
Total weight for MST is: 413757213
There are no cycles within the MST!

Starting timer and running MST algorithm...
Total execution time: 15.12850177 seconds
Total edges in MST is: 121594510
Total weight for MST is: 413757213
There are no cycles within the MST!

Starting timer and running MST algorithm...
Total execution time: 15.27486784 seconds
Total edges in MST is: 121594510
Total weight for MST is: 413757213
There are no cycles within the MST!

Starting timer and running MST algorithm...
Total execution time: 17.18313479 seconds
Total edges in MST is: 121594510
Total weight for MST is: 413757213
There are no cycles within the MST!

Starting timer and running MST algorithm...
Total execution time: 13.70581948 seconds
Total edges in MST is: 121594510
Total weight for MST is: 413757213
There are no cycles within the MST!

Starting timer and running MST algorithm...
Total execution time: 14.27472503 seconds
Total edges in MST is: 121594510
Total weight for MST is: 413757213
There are no cycles within the MST!

Starting timer and running MST algorithm...
Total execution time: 14.89972702 seconds
Total edges in MST is: 121594510
Total weight for MST is: 413757213
There are no cycles within the MST!

Starting timer and running MST algorithm...
Total execution time: 14.93373490 seconds
Total edges in MST is: 121594510
Total weight for MST is: 413757213
There are no cycles within the MST!

Average time across MST runs is: 15.7665
============================================================================
                               JOB STATISTICS                              
============================================================================
      SubmitTime: 2022-04-21T17:42:10
         EndTime: 2022-04-21T19:42:13
         RunTime: 00:05:41
           JobId: 5756067
            TRES: cpu=16,mem=64288M,node=1,billing=12
       Partition: smp
        NodeList: smp-n61
         Command: /ihome/ece2195_2022s/jjb169/ece2166/graphProject/graphMST.slurm
          StdOut: /ihome/ece2195_2022s/jjb169/ece2166/graphProject/slurm-5756067.out
More information:
    - `sacct -M smp -j 5756067 -S 2022-04-21T17:42:10 -E 2022-04-21T19:42:13`
   Print control:
    - List of all possible fields: `sacct --helpformat`
    - Add `--format=<field1,field2,etc>` with fields of interest
============================================================================
