Running on:  Intel(R) Xeon(R) Gold 6126 CPU @ 2.60GHz
Graph file in use: graphs/201512020130.v128568730_e270234840.tsv
Max # threads = 16
Running on 8 cores
# vertices in csv = 128568731
The max value of a vertex is: 128568730
The root node for this graph is: 58782752
The number of edges in this graph is: 270234840
The initial graph is not connected!
Number of vertices not connected is: 6974219

Starting timer and running MST algorithm...
Total execution time: 21.91119064 seconds
Total edges in MST is: 121594510
Total weight for MST is: 413757213
There are no cycles within the MST!

Starting timer and running MST algorithm...
Total execution time: 12.58546255 seconds
Total edges in MST is: 121594510
Total weight for MST is: 413757213
There are no cycles within the MST!

Starting timer and running MST algorithm...
Total execution time: 13.74117803 seconds
Total edges in MST is: 121594510
Total weight for MST is: 413757213
There are no cycles within the MST!

Starting timer and running MST algorithm...
Total execution time: 15.84835410 seconds
Total edges in MST is: 121594510
Total weight for MST is: 413757213
There are no cycles within the MST!

Starting timer and running MST algorithm...
Total execution time: 12.08938438 seconds
Total edges in MST is: 121594510
Total weight for MST is: 413757213
There are no cycles within the MST!

Starting timer and running MST algorithm...
Total execution time: 12.16644340 seconds
Total edges in MST is: 121594510
Total weight for MST is: 413757213
There are no cycles within the MST!

Starting timer and running MST algorithm...
Total execution time: 12.83428709 seconds
Total edges in MST is: 121594510
Total weight for MST is: 413757213
There are no cycles within the MST!

Starting timer and running MST algorithm...
Total execution time: 12.63985380 seconds
Total edges in MST is: 121594510
Total weight for MST is: 413757213
There are no cycles within the MST!

Starting timer and running MST algorithm...
Total execution time: 12.60619623 seconds
Total edges in MST is: 121594510
Total weight for MST is: 413757213
There are no cycles within the MST!

Starting timer and running MST algorithm...
Total execution time: 12.96711592 seconds
Total edges in MST is: 121594510
Total weight for MST is: 413757213
There are no cycles within the MST!

Average time across MST runs is: 13.9389
============================================================================
                               JOB STATISTICS                              
============================================================================
      SubmitTime: 2022-04-21T17:42:05
         EndTime: 2022-04-21T19:42:08
         RunTime: 00:05:35
           JobId: 5756066
            TRES: cpu=16,mem=64288M,node=1,billing=12
       Partition: smp
        NodeList: smp-n93
         Command: /ihome/ece2195_2022s/jjb169/ece2166/graphProject/graphMST.slurm
          StdOut: /ihome/ece2195_2022s/jjb169/ece2166/graphProject/slurm-5756066.out
More information:
    - `sacct -M smp -j 5756066 -S 2022-04-21T17:42:05 -E 2022-04-21T19:42:08`
   Print control:
    - List of all possible fields: `sacct --helpformat`
    - Add `--format=<field1,field2,etc>` with fields of interest
============================================================================
