Running on:  Intel(R) Xeon(R) Gold 6126 CPU @ 2.60GHz
Max # threads = 16
Running on 2 cores
# vertices in csv = 226196186
The max value of a vertex is: 226196185
The root node for this graph is: 104492306
The number of edges in this graph is: 240023949
The initial graph is not connected!
Number of vertices not connected is: 12513592

Begin to run and collect time for baseline....
Total execution time: 2.28220245 seconds
Checking if all vertices have been visited...
Graph is not fully connected, 213682593 vertices reachable from the root have been visited!

Begin to run and collect time for baseline....
Total execution time: 2.28217424 seconds
Checking if all vertices have been visited...
Graph is not fully connected, 213682593 vertices reachable from the root have been visited!

Begin to run and collect time for baseline....
Total execution time: 2.30292546 seconds
Checking if all vertices have been visited...
Graph is not fully connected, 213682593 vertices reachable from the root have been visited!

Begin to run and collect time for baseline....
Total execution time: 2.52951696 seconds
Checking if all vertices have been visited...
Graph is not fully connected, 213682593 vertices reachable from the root have been visited!

Begin to run and collect time for baseline....
Total execution time: 2.54084830 seconds
Checking if all vertices have been visited...
Graph is not fully connected, 213682593 vertices reachable from the root have been visited!

Begin to run and collect time for baseline....
Total execution time: 2.59411721 seconds
Checking if all vertices have been visited...
Graph is not fully connected, 213682593 vertices reachable from the root have been visited!

Begin to run and collect time for baseline....
Total execution time: 2.59179089 seconds
Checking if all vertices have been visited...
Graph is not fully connected, 213682593 vertices reachable from the root have been visited!

Begin to run and collect time for baseline....
Total execution time: 2.61103187 seconds
Checking if all vertices have been visited...
Graph is not fully connected, 213682593 vertices reachable from the root have been visited!

Begin to run and collect time for baseline....
Total execution time: 2.54452118 seconds
Checking if all vertices have been visited...
Graph is not fully connected, 213682593 vertices reachable from the root have been visited!

Begin to run and collect time for baseline....
Total execution time: 2.48757780 seconds
Checking if all vertices have been visited...
Graph is not fully connected, 213682593 vertices reachable from the root have been visited!

Average time across MST runs is: 2.47667
============================================================================
                               JOB STATISTICS                              
============================================================================
      SubmitTime: 2022-04-25T01:31:55
         EndTime: 2022-04-25T03:31:58
         RunTime: 00:03:10
           JobId: 5797212
            TRES: cpu=16,mem=64288M,node=1,billing=12
       Partition: smp
        NodeList: smp-n132
         Command: /ihome/ece2195_2022s/jjb169/ece2166/graphProject/BFS_stuff/graphBFS.slurm
          StdOut: /ihome/ece2195_2022s/jjb169/ece2166/graphProject/BFS_stuff/slurm-5797212.out
More information:
    - `sacct -M smp -j 5797212 -S 2022-04-25T01:31:55 -E 2022-04-25T03:31:58`
   Print control:
    - List of all possible fields: `sacct --helpformat`
    - Add `--format=<field1,field2,etc>` with fields of interest
============================================================================
