Running on:  Intel(R) Xeon(R) Gold 6126 CPU @ 2.60GHz
Max # threads = 16
Running on 4 cores
# vertices in csv = 226196186
The max value of a vertex is: 226196185
The root node for this graph is: 104492306
The number of edges in this graph is: 240023949
The initial graph is not connected!
Number of vertices not connected is: 12513592

Begin to run and collect time for baseline....
Total execution time: 2.28739757 seconds
Checking if all vertices have been visited...
Graph is not fully connected, 213682593 vertices reachable from the root have been visited!

Begin to run and collect time for baseline....
Total execution time: 2.28416023 seconds
Checking if all vertices have been visited...
Graph is not fully connected, 213682593 vertices reachable from the root have been visited!

Begin to run and collect time for baseline....
Total execution time: 2.28391995 seconds
Checking if all vertices have been visited...
Graph is not fully connected, 213682593 vertices reachable from the root have been visited!

Begin to run and collect time for baseline....
Total execution time: 2.29229799 seconds
Checking if all vertices have been visited...
Graph is not fully connected, 213682593 vertices reachable from the root have been visited!

Begin to run and collect time for baseline....
Total execution time: 2.28621741 seconds
Checking if all vertices have been visited...
Graph is not fully connected, 213682593 vertices reachable from the root have been visited!

Begin to run and collect time for baseline....
Total execution time: 2.28670826 seconds
Checking if all vertices have been visited...
Graph is not fully connected, 213682593 vertices reachable from the root have been visited!

Begin to run and collect time for baseline....
Total execution time: 2.29277460 seconds
Checking if all vertices have been visited...
Graph is not fully connected, 213682593 vertices reachable from the root have been visited!

Begin to run and collect time for baseline....
Total execution time: 2.28662230 seconds
Checking if all vertices have been visited...
Graph is not fully connected, 213682593 vertices reachable from the root have been visited!

Begin to run and collect time for baseline....
Total execution time: 2.28486650 seconds
Checking if all vertices have been visited...
Graph is not fully connected, 213682593 vertices reachable from the root have been visited!

Begin to run and collect time for baseline....
Total execution time: 2.36696731 seconds
Checking if all vertices have been visited...
Graph is not fully connected, 213682593 vertices reachable from the root have been visited!

Average time across MST runs is: 2.29519
============================================================================
                               JOB STATISTICS                              
============================================================================
      SubmitTime: 2022-04-25T01:37:42
         EndTime: 2022-04-25T03:37:44
         RunTime: 00:02:50
           JobId: 5797220
            TRES: cpu=16,mem=64288M,node=1,billing=12
       Partition: smp
        NodeList: smp-n118
         Command: /ihome/ece2195_2022s/jjb169/ece2166/graphProject/BFS_stuff/graphBFS.slurm
          StdOut: /ihome/ece2195_2022s/jjb169/ece2166/graphProject/BFS_stuff/slurm-5797220.out
More information:
    - `sacct -M smp -j 5797220 -S 2022-04-25T01:37:42 -E 2022-04-25T03:37:44`
   Print control:
    - List of all possible fields: `sacct --helpformat`
    - Add `--format=<field1,field2,etc>` with fields of interest
============================================================================
