Running on:  Intel(R) Xeon(R) Gold 6126 CPU @ 2.60GHz
Graph file in use: graphs/201512020130.v128568730_e270234840.tsv
# vertices in csv = 128568731
The max value of a vertex is: 128568730
The root node for this graph is: 58782752
The number of edges in this graph is: 270234840
The initial graph is not connected!
Number of vertices not connected is: 6974219

Starting timer and running MST algorithm...
Total execution time: 30.34371792 seconds
Total edges in MST is: 121594510
Total weight for MST is: 413757213
There are no cycles within the MST!
Starting timer and running MST algorithm...
Total execution time: 22.96561977 seconds
Total edges in MST is: 121594510
Total weight for MST is: 413757213
There are no cycles within the MST!
Starting timer and running MST algorithm...
Total execution time: 22.82802461 seconds
Total edges in MST is: 121594510
Total weight for MST is: 413757213
There are no cycles within the MST!
Starting timer and running MST algorithm...
Total execution time: 22.78602581 seconds
Total edges in MST is: 121594510
Total weight for MST is: 413757213
There are no cycles within the MST!
Starting timer and running MST algorithm...
Total execution time: 24.96593177 seconds
Total edges in MST is: 121594510
Total weight for MST is: 413757213
There are no cycles within the MST!
Starting timer and running MST algorithm...
Total execution time: 22.81844318 seconds
Total edges in MST is: 121594510
Total weight for MST is: 413757213
There are no cycles within the MST!
Starting timer and running MST algorithm...
Total execution time: 24.70365826 seconds
Total edges in MST is: 121594510
Total weight for MST is: 413757213
There are no cycles within the MST!
Starting timer and running MST algorithm...
Total execution time: 23.56972219 seconds
Total edges in MST is: 121594510
Total weight for MST is: 413757213
There are no cycles within the MST!
Starting timer and running MST algorithm...
Total execution time: 23.88959810 seconds
Total edges in MST is: 121594510
Total weight for MST is: 413757213
There are no cycles within the MST!
Starting timer and running MST algorithm...
Total execution time: 24.67090251 seconds
Total edges in MST is: 121594510
Total weight for MST is: 413757213
There are no cycles within the MST!
Average time across MST runs is: 24.3542
============================================================================
                               JOB STATISTICS                              
============================================================================
      SubmitTime: 2022-04-22T17:16:23
         EndTime: 2022-04-22T19:16:26
         RunTime: 00:07:25
           JobId: 5761754
            TRES: cpu=16,mem=64288M,node=1,billing=12
       Partition: smp
        NodeList: smp-n81
         Command: /ihome/ece2195_2022s/jjb169/ece2166/graphProject/graphMST_baseline.slurm
          StdOut: /ihome/ece2195_2022s/jjb169/ece2166/graphProject/slurm-5761754.out
More information:
    - `sacct -M smp -j 5761754 -S 2022-04-22T17:16:23 -E 2022-04-22T19:16:26`
   Print control:
    - List of all possible fields: `sacct --helpformat`
    - Add `--format=<field1,field2,etc>` with fields of interest
============================================================================
