Running on:  Intel(R) Xeon(R) Gold 6126 CPU @ 2.60GHz
Graph file in use: ../graphs/201512020330.v226196185_e480047894.tsv
Max # threads = 16
Running on 16 cores
# vertices in csv = 226196186
The max value of a vertex is: 226196185
The root node for this graph is: 104492306
The number of edges in this graph is: 480047894
The initial graph is not connected!
Number of vertices not connected is: 12513592

Begin to run and collect time for baseline....
Total execution time: 2.88744276 seconds
Checking if all vertices have been visited...
Graph is not fully connected, 213682593 vertices reachable from the root have been visited!

Begin to run and collect time for baseline....
Total execution time: 3.15302566 seconds
Checking if all vertices have been visited...
Graph is not fully connected, 213682593 vertices reachable from the root have been visited!

Begin to run and collect time for baseline....
Total execution time: 3.07254015 seconds
Checking if all vertices have been visited...
Graph is not fully connected, 213682593 vertices reachable from the root have been visited!

Begin to run and collect time for baseline....
Total execution time: 3.14746217 seconds
Checking if all vertices have been visited...
Graph is not fully connected, 213682593 vertices reachable from the root have been visited!

Begin to run and collect time for baseline....
Total execution time: 3.15447013 seconds
Checking if all vertices have been visited...
Graph is not fully connected, 213682593 vertices reachable from the root have been visited!

Begin to run and collect time for baseline....
Total execution time: 3.14159928 seconds
Checking if all vertices have been visited...
Graph is not fully connected, 213682593 vertices reachable from the root have been visited!

Begin to run and collect time for baseline....
Total execution time: 3.07248074 seconds
Checking if all vertices have been visited...
Graph is not fully connected, 213682593 vertices reachable from the root have been visited!

Begin to run and collect time for baseline....
Total execution time: 2.75141842 seconds
Checking if all vertices have been visited...
Graph is not fully connected, 213682593 vertices reachable from the root have been visited!

Begin to run and collect time for baseline....
Total execution time: 2.75211936 seconds
Checking if all vertices have been visited...
Graph is not fully connected, 213682593 vertices reachable from the root have been visited!

Begin to run and collect time for baseline....
Total execution time: 2.75231754 seconds
Checking if all vertices have been visited...
Graph is not fully connected, 213682593 vertices reachable from the root have been visited!

Average time across MST runs is: 2.98849
============================================================================
                               JOB STATISTICS                              
============================================================================
      SubmitTime: 2022-04-25T15:54:41
         EndTime: 2022-04-25T17:54:44
         RunTime: 00:05:02
           JobId: 5799385
            TRES: cpu=16,mem=64288M,node=1,billing=12
       Partition: smp
        NodeList: smp-n63
         Command: /ihome/ece2195_2022s/jjb169/ece2166/graphProject/BFS_stuff/graphBFS.slurm
          StdOut: /ihome/ece2195_2022s/jjb169/ece2166/graphProject/BFS_stuff/slurm-5799385.out
More information:
    - `sacct -M smp -j 5799385 -S 2022-04-25T15:54:41 -E 2022-04-25T17:54:44`
   Print control:
    - List of all possible fields: `sacct --helpformat`
    - Add `--format=<field1,field2,etc>` with fields of interest
============================================================================
