Running on:  Intel(R) Xeon(R) Gold 6126 CPU @ 2.60GHz
Graph file in use: ../graphs/201512020330.v226196185_e480047894.tsv
Max # threads = 16
Running on 2 cores
# vertices in csv = 226196186
The max value of a vertex is: 226196185
The root node for this graph is: 104492306
The number of edges in this graph is: 480047894
The initial graph is not connected!
Number of vertices not connected is: 12513592

Begin to run and collect time for baseline....
Total execution time: 3.16165084 seconds
Checking if all vertices have been visited...
Graph is not fully connected, 213682593 vertices reachable from the root have been visited!

Begin to run and collect time for baseline....
Total execution time: 3.33229500 seconds
Checking if all vertices have been visited...
Graph is not fully connected, 213682593 vertices reachable from the root have been visited!

Begin to run and collect time for baseline....
Total execution time: 3.24849414 seconds
Checking if all vertices have been visited...
Graph is not fully connected, 213682593 vertices reachable from the root have been visited!

Begin to run and collect time for baseline....
Total execution time: 2.90691571 seconds
Checking if all vertices have been visited...
Graph is not fully connected, 213682593 vertices reachable from the root have been visited!

Begin to run and collect time for baseline....
Total execution time: 2.89173161 seconds
Checking if all vertices have been visited...
Graph is not fully connected, 213682593 vertices reachable from the root have been visited!

Begin to run and collect time for baseline....
Total execution time: 2.89050759 seconds
Checking if all vertices have been visited...
Graph is not fully connected, 213682593 vertices reachable from the root have been visited!

Begin to run and collect time for baseline....
Total execution time: 2.89122634 seconds
Checking if all vertices have been visited...
Graph is not fully connected, 213682593 vertices reachable from the root have been visited!

Begin to run and collect time for baseline....
Total execution time: 2.88858572 seconds
Checking if all vertices have been visited...
Graph is not fully connected, 213682593 vertices reachable from the root have been visited!

Begin to run and collect time for baseline....
Total execution time: 2.88997025 seconds
Checking if all vertices have been visited...
Graph is not fully connected, 213682593 vertices reachable from the root have been visited!

Begin to run and collect time for baseline....
Total execution time: 2.89399005 seconds
Checking if all vertices have been visited...
Graph is not fully connected, 213682593 vertices reachable from the root have been visited!

Average time across MST runs is: 2.99954
============================================================================
                               JOB STATISTICS                              
============================================================================
      SubmitTime: 2022-04-25T15:38:17
         EndTime: 2022-04-25T17:38:20
         RunTime: 00:05:36
           JobId: 5799216
            TRES: cpu=16,mem=64288M,node=1,billing=12
       Partition: smp
        NodeList: smp-n130
         Command: /ihome/ece2195_2022s/jjb169/ece2166/graphProject/BFS_stuff/graphBFS.slurm
          StdOut: /ihome/ece2195_2022s/jjb169/ece2166/graphProject/BFS_stuff/slurm-5799216.out
More information:
    - `sacct -M smp -j 5799216 -S 2022-04-25T15:38:17 -E 2022-04-25T17:38:20`
   Print control:
    - List of all possible fields: `sacct --helpformat`
    - Add `--format=<field1,field2,etc>` with fields of interest
============================================================================
